2023-03-14-00:05[SessionValidationThread-1] [INFO ] org.apache.shiro.session.mgt.AbstractValidatingSessionManager - Validating all active sessions...
2023-03-14-00:05[SessionValidationThread-1] [INFO ] org.apache.shiro.session.mgt.AbstractValidatingSessionManager - Finished session validation.  No sessions were stopped.
2023-03-14-01:05[SessionValidationThread-1] [INFO ] org.apache.shiro.session.mgt.AbstractValidatingSessionManager - Validating all active sessions...
2023-03-14-01:05[SessionValidationThread-1] [INFO ] org.apache.shiro.session.mgt.AbstractValidatingSessionManager - Finished session validation.  No sessions were stopped.
2023-03-14-02:05[SessionValidationThread-1] [INFO ] org.apache.shiro.session.mgt.AbstractValidatingSessionManager - Validating all active sessions...
2023-03-14-02:05[SessionValidationThread-1] [INFO ] org.apache.shiro.session.mgt.AbstractValidatingSessionManager - Finished session validation.  No sessions were stopped.
2023-03-14-03:05[SessionValidationThread-1] [INFO ] org.apache.shiro.session.mgt.AbstractValidatingSessionManager - Validating all active sessions...
2023-03-14-03:05[SessionValidationThread-1] [INFO ] org.apache.shiro.session.mgt.AbstractValidatingSessionManager - Finished session validation.  No sessions were stopped.
2023-03-14-04:05[SessionValidationThread-1] [INFO ] org.apache.shiro.session.mgt.AbstractValidatingSessionManager - Validating all active sessions...
2023-03-14-04:05[SessionValidationThread-1] [INFO ] org.apache.shiro.session.mgt.AbstractValidatingSessionManager - Finished session validation.  No sessions were stopped.
2023-03-14-05:05[SessionValidationThread-1] [INFO ] org.apache.shiro.session.mgt.AbstractValidatingSessionManager - Validating all active sessions...
2023-03-14-05:05[SessionValidationThread-1] [INFO ] org.apache.shiro.session.mgt.AbstractValidatingSessionManager - Finished session validation.  No sessions were stopped.
2023-03-14-06:05[SessionValidationThread-1] [INFO ] org.apache.shiro.session.mgt.AbstractValidatingSessionManager - Validating all active sessions...
2023-03-14-06:05[SessionValidationThread-1] [INFO ] org.apache.shiro.session.mgt.AbstractValidatingSessionManager - Finished session validation.  No sessions were stopped.
2023-03-14-07:05[SessionValidationThread-1] [INFO ] org.apache.shiro.session.mgt.AbstractValidatingSessionManager - Validating all active sessions...
2023-03-14-07:05[SessionValidationThread-1] [INFO ] org.apache.shiro.session.mgt.AbstractValidatingSessionManager - Finished session validation.  No sessions were stopped.
2023-03-14-08:05[SessionValidationThread-1] [INFO ] org.apache.shiro.session.mgt.AbstractValidatingSessionManager - Validating all active sessions...
2023-03-14-08:05[SessionValidationThread-1] [INFO ] org.apache.shiro.session.mgt.AbstractValidatingSessionManager - Finished session validation.  No sessions were stopped.
2023-03-14-09:05[SessionValidationThread-1] [INFO ] org.apache.shiro.session.mgt.AbstractValidatingSessionManager - Validating all active sessions...
2023-03-14-09:05[SessionValidationThread-1] [INFO ] org.apache.shiro.session.mgt.AbstractValidatingSessionManager - Finished session validation.  No sessions were stopped.
2023-03-14-10:05[SessionValidationThread-1] [INFO ] org.apache.shiro.session.mgt.AbstractValidatingSessionManager - Validating all active sessions...
2023-03-14-10:05[SessionValidationThread-1] [INFO ] org.apache.shiro.session.mgt.AbstractValidatingSessionManager - Finished session validation.  No sessions were stopped.
2023-03-14-11:05[SessionValidationThread-1] [INFO ] org.apache.shiro.session.mgt.AbstractValidatingSessionManager - Validating all active sessions...
2023-03-14-11:05[SessionValidationThread-1] [INFO ] org.apache.shiro.session.mgt.AbstractValidatingSessionManager - Finished session validation.  No sessions were stopped.
2023-03-14-11:48[http-nio-8980-exec-3] [INFO ] com.metoo.nspm.core.config.socket.NoticeEndpoint - 1141fb59-f58b-4a17-86a1-81b1d2f419ec连接断开！
2023-03-14-11:48[http-nio-8980-exec-5] [INFO ] com.metoo.nspm.core.config.socket.NoticeEndpoint - d9b7d046-c6c1-4b05-a082-ecd441f89e72用户Id:1连接开启！
2023-03-14-11:48[http-nio-8980-exec-4] [INFO ] com.metoo.nspm.core.config.socket.NoticeEndpoint - 收到来自窗口 1 的信息:{"noticeType":"4","userId":"1","time":"2023-03-14 11:46:00","params":["3546a19d-057d-4469-8d9b-a5a9bd27b0f8","a683f9f9-1814-4615-907c-c351c34301f5","eef0db41-44fc-4ca1-b927-578f98fcd039","1edcb79d-1261-447b-90e4-8e1cb248cbbc","16a6cd43-0d7b-438e-8ea4-e81695c95889","da9b3c12-b14a-4f72-b97c-7a6a706b7d57","74df5457-4e4c-4a03-9373-0244bab29693","49a1e331-8c8a-46b5-b4a4-4c1b313846dc"]}
2023-03-14-11:50[http-nio-8980-exec-6] [INFO ] com.metoo.nspm.core.config.socket.NoticeEndpoint - d9b7d046-c6c1-4b05-a082-ecd441f89e72连接断开！
2023-03-14-11:50[http-nio-8980-exec-7] [INFO ] com.metoo.nspm.core.config.socket.NoticeEndpoint - eda33b2a-0b85-4468-9b03-984b1b0b9c45用户Id:1连接开启！
2023-03-14-11:51[http-nio-8980-exec-8] [INFO ] com.metoo.nspm.core.config.socket.NoticeEndpoint - 收到来自窗口 1 的信息:{"noticeType":"4","userId":"1","time":"2023-03-14 11:45:00","params":["3546a19d-057d-4469-8d9b-a5a9bd27b0f8","a683f9f9-1814-4615-907c-c351c34301f5","eef0db41-44fc-4ca1-b927-578f98fcd039","1edcb79d-1261-447b-90e4-8e1cb248cbbc","16a6cd43-0d7b-438e-8ea4-e81695c95889","da9b3c12-b14a-4f72-b97c-7a6a706b7d57","74df5457-4e4c-4a03-9373-0244bab29693","49a1e331-8c8a-46b5-b4a4-4c1b313846dc"]}
2023-03-14-12:05[SessionValidationThread-1] [INFO ] org.apache.shiro.session.mgt.AbstractValidatingSessionManager - Validating all active sessions...
2023-03-14-12:05[SessionValidationThread-1] [INFO ] org.apache.shiro.session.mgt.AbstractValidatingSessionManager - Finished session validation.  No sessions were stopped.
2023-03-14-12:53[http-nio-8980-exec-9] [INFO ] com.metoo.nspm.core.config.socket.NoticeEndpoint - eda33b2a-0b85-4468-9b03-984b1b0b9c45连接断开！
2023-03-14-12:53[http-nio-8980-exec-10] [INFO ] com.metoo.nspm.core.config.socket.NoticeEndpoint - d872d37d-8755-459f-a2e3-cffc03fb52cd用户Id:1连接开启！
2023-03-14-12:53[http-nio-8980-exec-10] [INFO ] com.metoo.nspm.core.config.socket.NoticeEndpoint - 收到来自窗口 1 的信息:{"noticeType":"4","userId":"1","time":"","params":["3546a19d-057d-4469-8d9b-a5a9bd27b0f8","a683f9f9-1814-4615-907c-c351c34301f5","eef0db41-44fc-4ca1-b927-578f98fcd039","1edcb79d-1261-447b-90e4-8e1cb248cbbc","16a6cd43-0d7b-438e-8ea4-e81695c95889","da9b3c12-b14a-4f72-b97c-7a6a706b7d57","74df5457-4e4c-4a03-9373-0244bab29693","49a1e331-8c8a-46b5-b4a4-4c1b313846dc"]}
2023-03-14-13:05[SessionValidationThread-1] [INFO ] org.apache.shiro.session.mgt.AbstractValidatingSessionManager - Validating all active sessions...
2023-03-14-13:05[SessionValidationThread-1] [INFO ] org.apache.shiro.session.mgt.AbstractValidatingSessionManager - Finished session validation.  No sessions were stopped.
2023-03-14-13:05[http-nio-8980-exec-2] [INFO ] com.metoo.nspm.core.config.socket.NoticeEndpoint - d872d37d-8755-459f-a2e3-cffc03fb52cd连接断开！
2023-03-14-13:05[http-nio-8980-exec-1] [INFO ] com.metoo.nspm.core.config.socket.NoticeEndpoint - b1db2357-6480-495c-b593-d2e4974a70b1用户Id:1连接开启！
2023-03-14-13:05[http-nio-8980-exec-3] [INFO ] com.metoo.nspm.core.config.socket.NoticeEndpoint - 收到来自窗口 1 的信息:{"noticeType":"4","userId":1,"time":"","params":["3546a19d-057d-4469-8d9b-a5a9bd27b0f8","a683f9f9-1814-4615-907c-c351c34301f5","eef0db41-44fc-4ca1-b927-578f98fcd039","1edcb79d-1261-447b-90e4-8e1cb248cbbc","16a6cd43-0d7b-438e-8ea4-e81695c95889","da9b3c12-b14a-4f72-b97c-7a6a706b7d57","74df5457-4e4c-4a03-9373-0244bab29693","49a1e331-8c8a-46b5-b4a4-4c1b313846dc"]}
2023-03-14-13:06[http-nio-8980-exec-5] [INFO ] com.metoo.nspm.core.config.socket.NoticeEndpoint - 收到来自窗口 1 的信息:{"noticeType":"4","userId":1,"time":"","params":["3546a19d-057d-4469-8d9b-a5a9bd27b0f8","a683f9f9-1814-4615-907c-c351c34301f5","eef0db41-44fc-4ca1-b927-578f98fcd039","1edcb79d-1261-447b-90e4-8e1cb248cbbc","16a6cd43-0d7b-438e-8ea4-e81695c95889","da9b3c12-b14a-4f72-b97c-7a6a706b7d57","74df5457-4e4c-4a03-9373-0244bab29693","49a1e331-8c8a-46b5-b4a4-4c1b313846dc"]}
2023-03-14-13:06[taskScheduler-7] [ERROR] org.springframework.scheduling.support.TaskUtils$LoggingErrorHandler - Unexpected error occurred in scheduled task
java.util.ConcurrentModificationException: null
	at java.util.HashMap$HashIterator.nextNode(HashMap.java:1437) ~[?:1.8.0_131]
	at java.util.HashMap$KeyIterator.next(HashMap.java:1461) ~[?:1.8.0_131]
	at com.metoo.nspm.core.config.socket.NoticeEndpoint.ExecutionTimer2(NoticeEndpoint.java:479) ~[classes/:?]
	at sun.reflect.GeneratedMethodAccessor56.invoke(Unknown Source) ~[?:?]
	at sun.reflect.DelegatingMethodAccessorImpl.invoke(DelegatingMethodAccessorImpl.java:43) ~[?:1.8.0_131]
	at java.lang.reflect.Method.invoke(Method.java:498) ~[?:1.8.0_131]
	at org.springframework.scheduling.support.ScheduledMethodRunnable.run(ScheduledMethodRunnable.java:84) ~[spring-context-5.3.4.jar:5.3.4]
	at org.springframework.scheduling.support.DelegatingErrorHandlingRunnable.run(DelegatingErrorHandlingRunnable.java:54) [spring-context-5.3.4.jar:5.3.4]
	at org.springframework.scheduling.concurrent.ReschedulingRunnable.run(ReschedulingRunnable.java:95) [spring-context-5.3.4.jar:5.3.4]
	at java.util.concurrent.Executors$RunnableAdapter.call(Executors.java:511) [?:1.8.0_131]
	at java.util.concurrent.FutureTask.run$$$capture(FutureTask.java:266) [?:1.8.0_131]
	at java.util.concurrent.FutureTask.run(FutureTask.java) [?:1.8.0_131]
	at java.util.concurrent.ScheduledThreadPoolExecutor$ScheduledFutureTask.access$201(ScheduledThreadPoolExecutor.java:180) [?:1.8.0_131]
	at java.util.concurrent.ScheduledThreadPoolExecutor$ScheduledFutureTask.run(ScheduledThreadPoolExecutor.java:293) [?:1.8.0_131]
	at java.util.concurrent.ThreadPoolExecutor.runWorker(ThreadPoolExecutor.java:1142) [?:1.8.0_131]
	at java.util.concurrent.ThreadPoolExecutor$Worker.run(ThreadPoolExecutor.java:617) [?:1.8.0_131]
	at java.lang.Thread.run(Thread.java:748) [?:1.8.0_131]
2023-03-14-13:06[http-nio-8980-exec-4] [INFO ] com.metoo.nspm.core.config.socket.NoticeEndpoint - 收到来自窗口 1 的信息:{"noticeType":"4","userId":1,"time":"","params":["3546a19d-057d-4469-8d9b-a5a9bd27b0f8","a683f9f9-1814-4615-907c-c351c34301f5","eef0db41-44fc-4ca1-b927-578f98fcd039","1edcb79d-1261-447b-90e4-8e1cb248cbbc","16a6cd43-0d7b-438e-8ea4-e81695c95889","da9b3c12-b14a-4f72-b97c-7a6a706b7d57","74df5457-4e4c-4a03-9373-0244bab29693","49a1e331-8c8a-46b5-b4a4-4c1b313846dc"]}
2023-03-14-13:07[http-nio-8980-exec-6] [INFO ] com.metoo.nspm.core.config.socket.NoticeEndpoint - 收到来自窗口 1 的信息:{"noticeType":"4","userId":1,"time":"","params":["3546a19d-057d-4469-8d9b-a5a9bd27b0f8","a683f9f9-1814-4615-907c-c351c34301f5","eef0db41-44fc-4ca1-b927-578f98fcd039","1edcb79d-1261-447b-90e4-8e1cb248cbbc","16a6cd43-0d7b-438e-8ea4-e81695c95889","da9b3c12-b14a-4f72-b97c-7a6a706b7d57","74df5457-4e4c-4a03-9373-0244bab29693","49a1e331-8c8a-46b5-b4a4-4c1b313846dc"]}
2023-03-14-13:08[http-nio-8980-exec-7] [INFO ] com.metoo.nspm.core.config.socket.NoticeEndpoint - 收到来自窗口 1 的信息:{"noticeType":"9","userId":1,"time":"","params":{"teamGroupCustomiahRHDep4rHsi23KSbBi4BMJEzAD2N":[{"uuid":"7bfa8c56-a478-4fcf-8220-07eb9c9fb539","interface":["Vl1599","Vl1588","Lo2","Lo1","Lo0","Vl200","Vl120","Vl100","Vl20","Vl10","Vl1","Nu0","Gi0/3.105","Gi0/3.104","Gi0/3.103","Gi0/3.102","Gi0/3.101","Gi0/9","Gi0/8","Gi0/7","Gi0/6","Gi0/5","Gi0/4","Gi0/3","Gi0/2","Gi0/1","Gi0/0"]},{"uuid":"4804a11d-6393-4287-9307-e4ee141e8ed1","interface":["Vl1","Nu0","Gi0/9","Gi0/8","Gi0/7","Gi0/6","Gi0/5","Gi0/4","Gi0/3","Gi0/2","Gi0/1","Gi0/0"]},{"uuid":"da9b3c12-b14a-4f72-b97c-7a6a706b7d57","interface":["Vl10","Vl1","Nu0","Gi0/9","Gi0/8","Gi0/7","Gi0/6","Gi0/5","Gi0/4","Gi0/3","Gi0/2","Gi0/1","Gi0/0"]}],"teamGroupCustom7cGDK5EnQKncZ6BZWXBX6nYS4bfiWD":[{"uuid":"da9b3c12-b14a-4f72-b97c-7a6a706b7d57","interface":["Vl10","Vl1","Nu0","Gi0/9","Gi0/8","Gi0/7","Gi0/6","Gi0/5","Gi0/4","Gi0/3","Gi0/2","Gi0/1","Gi0/0"]},{"uuid":"1edcb79d-1261-447b-90e4-8e1cb248cbbc","interface":["Vl10","Vl1","Nu0","Gi0/9","Gi0/8","Gi0/7","Gi0/6","Gi0/5","Gi0/4","Gi0/3","Gi0/2","Gi0/1","Gi0/0"]},{"uuid":"16a6cd43-0d7b-438e-8ea4-e81695c95889","interface":["Vl1479","Vl1478","Vl1477","Vl10","Vl1","Nu0","Gi0/9","Gi0/8","Gi0/7","Gi0/6","Gi0/5","Gi0/4","Gi0/3","Gi0/2","Gi0/1","Gi0/0"]}]}}
2023-03-14-14:05[SessionValidationThread-1] [INFO ] org.apache.shiro.session.mgt.AbstractValidatingSessionManager - Validating all active sessions...
2023-03-14-14:05[SessionValidationThread-1] [INFO ] org.apache.shiro.session.mgt.AbstractValidatingSessionManager - Finished session validation.  No sessions were stopped.
