2023-03-16-14:41[main] [INFO ] com.metoo.nspm.Application - Starting Application using Java 1.8.0_131 on WIN-C343LASFC79 with PID 16536 (E:\java\project\nspm\ws\target\classes started by Administrator in E:\java\project\nspm\ws)
2023-03-16-14:41[main] [INFO ] com.metoo.nspm.Application - The following profiles are active: dev
2023-03-16-14:41[main] [INFO ] org.springframework.context.support.PostProcessorRegistrationDelegate$BeanPostProcessorChecker - Bean 'shiroConfig' of type [com.metoo.nspm.core.config.shiro.ShiroConfig$$EnhancerBySpringCGLIB$$4681bed2] is not eligible for getting processed by all BeanPostProcessors (for example: not eligible for auto-proxying)
2023-03-16-14:41[main] [INFO ] org.springframework.context.support.PostProcessorRegistrationDelegate$BeanPostProcessorChecker - Bean 'mybatis-org.mybatis.spring.boot.autoconfigure.MybatisProperties' of type [org.mybatis.spring.boot.autoconfigure.MybatisProperties] is not eligible for getting processed by all BeanPostProcessors (for example: not eligible for auto-proxying)
2023-03-16-14:41[main] [INFO ] org.springframework.context.support.PostProcessorRegistrationDelegate$BeanPostProcessorChecker - Bean 'org.mybatis.spring.boot.autoconfigure.MybatisAutoConfiguration' of type [org.mybatis.spring.boot.autoconfigure.MybatisAutoConfiguration$$EnhancerBySpringCGLIB$$6ab66db7] is not eligible for getting processed by all BeanPostProcessors (for example: not eligible for auto-proxying)
2023-03-16-14:41[main] [INFO ] org.springframework.context.support.PostProcessorRegistrationDelegate$BeanPostProcessorChecker - Bean 'org.springframework.boot.autoconfigure.jdbc.DataSourceConfiguration$Generic' of type [org.springframework.boot.autoconfigure.jdbc.DataSourceConfiguration$Generic] is not eligible for getting processed by all BeanPostProcessors (for example: not eligible for auto-proxying)
2023-03-16-14:41[main] [INFO ] org.springframework.context.support.PostProcessorRegistrationDelegate$BeanPostProcessorChecker - Bean 'spring.datasource-org.springframework.boot.autoconfigure.jdbc.DataSourceProperties' of type [org.springframework.boot.autoconfigure.jdbc.DataSourceProperties] is not eligible for getting processed by all BeanPostProcessors (for example: not eligible for auto-proxying)
2023-03-16-14:41[main] [INFO ] org.springframework.context.support.PostProcessorRegistrationDelegate$BeanPostProcessorChecker - Bean 'dataSource' of type [com.alibaba.druid.pool.DruidDataSource] is not eligible for getting processed by all BeanPostProcessors (for example: not eligible for auto-proxying)
2023-03-16-14:41[main] [INFO ] org.springframework.context.support.PostProcessorRegistrationDelegate$BeanPostProcessorChecker - Bean 'sqlSessionFactory' of type [org.apache.ibatis.session.defaults.DefaultSqlSessionFactory] is not eligible for getting processed by all BeanPostProcessors (for example: not eligible for auto-proxying)
2023-03-16-14:41[main] [INFO ] org.springframework.context.support.PostProcessorRegistrationDelegate$BeanPostProcessorChecker - Bean 'sqlSessionTemplate' of type [org.mybatis.spring.SqlSessionTemplate] is not eligible for getting processed by all BeanPostProcessors (for example: not eligible for auto-proxying)
2023-03-16-14:41[main] [INFO ] org.springframework.context.support.PostProcessorRegistrationDelegate$BeanPostProcessorChecker - Bean 'roleMapper' of type [org.mybatis.spring.mapper.MapperFactoryBean] is not eligible for getting processed by all BeanPostProcessors (for example: not eligible for auto-proxying)
2023-03-16-14:41[main] [INFO ] org.springframework.context.support.PostProcessorRegistrationDelegate$BeanPostProcessorChecker - Bean 'roleMapper' of type [com.sun.proxy.$Proxy76] is not eligible for getting processed by all BeanPostProcessors (for example: not eligible for auto-proxying)
2023-03-16-14:41[main] [INFO ] org.springframework.context.support.PostProcessorRegistrationDelegate$BeanPostProcessorChecker - Bean 'resMapper' of type [org.mybatis.spring.mapper.MapperFactoryBean] is not eligible for getting processed by all BeanPostProcessors (for example: not eligible for auto-proxying)
2023-03-16-14:41[main] [INFO ] org.springframework.context.support.PostProcessorRegistrationDelegate$BeanPostProcessorChecker - Bean 'resMapper' of type [com.sun.proxy.$Proxy77] is not eligible for getting processed by all BeanPostProcessors (for example: not eligible for auto-proxying)
2023-03-16-14:41[main] [INFO ] org.springframework.context.support.PostProcessorRegistrationDelegate$BeanPostProcessorChecker - Bean 'resService' of type [com.metoo.nspm.core.service.impl.ResServiceImpl] is not eligible for getting processed by all BeanPostProcessors (for example: not eligible for auto-proxying)
2023-03-16-14:41[main] [INFO ] org.springframework.context.support.PostProcessorRegistrationDelegate$BeanPostProcessorChecker - Bean 'roleResMapper' of type [org.mybatis.spring.mapper.MapperFactoryBean] is not eligible for getting processed by all BeanPostProcessors (for example: not eligible for auto-proxying)
2023-03-16-14:41[main] [INFO ] org.springframework.context.support.PostProcessorRegistrationDelegate$BeanPostProcessorChecker - Bean 'roleResMapper' of type [com.sun.proxy.$Proxy80] is not eligible for getting processed by all BeanPostProcessors (for example: not eligible for auto-proxying)
2023-03-16-14:41[main] [INFO ] org.springframework.context.support.PostProcessorRegistrationDelegate$BeanPostProcessorChecker - Bean 'roleResServiceImpl' of type [com.metoo.nspm.core.service.impl.RoleResServiceImpl] is not eligible for getting processed by all BeanPostProcessors (for example: not eligible for auto-proxying)
2023-03-16-14:41[main] [INFO ] org.springframework.context.support.PostProcessorRegistrationDelegate$BeanPostProcessorChecker - Bean 'roleServiceImpl' of type [com.metoo.nspm.core.service.impl.RoleServiceImpl] is not eligible for getting processed by all BeanPostProcessors (for example: not eligible for auto-proxying)
2023-03-16-14:41[main] [INFO ] org.springframework.context.support.PostProcessorRegistrationDelegate$BeanPostProcessorChecker - Bean 'getRealm' of type [com.metoo.nspm.core.config.shiro.MyRealm] is not eligible for getting processed by all BeanPostProcessors (for example: not eligible for auto-proxying)
2023-03-16-14:41[main] [INFO ] org.springframework.context.support.PostProcessorRegistrationDelegate$BeanPostProcessorChecker - Bean 'sessionManager' of type [org.apache.shiro.web.session.mgt.DefaultWebSessionManager] is not eligible for getting processed by all BeanPostProcessors (for example: not eligible for auto-proxying)
2023-03-16-14:41[main] [INFO ] org.springframework.context.support.PostProcessorRegistrationDelegate$BeanPostProcessorChecker - Bean 'sessionStorageEvaluator' of type [org.apache.shiro.mgt.DefaultSessionStorageEvaluator] is not eligible for getting processed by all BeanPostProcessors (for example: not eligible for auto-proxying)
2023-03-16-14:41[main] [INFO ] org.springframework.context.support.PostProcessorRegistrationDelegate$BeanPostProcessorChecker - Bean 'getDefaultWebSecurityManager' of type [org.apache.shiro.web.mgt.DefaultWebSecurityManager] is not eligible for getting processed by all BeanPostProcessors (for example: not eligible for auto-proxying)
2023-03-16-14:41[main] [INFO ] org.springframework.context.support.PostProcessorRegistrationDelegate$BeanPostProcessorChecker - Bean 'authorizationAttributeSourceAdvisor' of type [org.apache.shiro.spring.security.interceptor.AuthorizationAttributeSourceAdvisor] is not eligible for getting processed by all BeanPostProcessors (for example: not eligible for auto-proxying)
2023-03-16-14:41[main] [INFO ] org.springframework.context.support.PostProcessorRegistrationDelegate$BeanPostProcessorChecker - Bean 'org.apache.shiro.spring.boot.autoconfigure.ShiroBeanAutoConfiguration' of type [org.apache.shiro.spring.boot.autoconfigure.ShiroBeanAutoConfiguration$$EnhancerBySpringCGLIB$$4afafa37] is not eligible for getting processed by all BeanPostProcessors (for example: not eligible for auto-proxying)
2023-03-16-14:41[main] [INFO ] org.springframework.context.support.PostProcessorRegistrationDelegate$BeanPostProcessorChecker - Bean 'eventBus' of type [org.apache.shiro.event.support.DefaultEventBus] is not eligible for getting processed by all BeanPostProcessors (for example: not eligible for auto-proxying)
2023-03-16-14:41[main] [INFO ] org.springframework.boot.web.embedded.tomcat.TomcatWebServer - Tomcat initialized with port(s): 8980 (http)
2023-03-16-14:41[main] [INFO ] org.springframework.boot.web.servlet.context.ServletWebServerApplicationContext - Root WebApplicationContext: initialization completed in 10157 ms
2023-03-16-14:41[main] [INFO ] org.springframework.beans.factory.annotation.AutowiredAnnotationBeanPostProcessor - Autowired annotation is not supported on static fields: private static com.metoo.nspm.core.api.service.WUserService com.metoo.nspm.core.config.interceptor.MyInterceptor.userService
2023-03-16-14:41[main] [INFO ] org.springframework.scheduling.concurrent.ThreadPoolTaskScheduler - Initializing ExecutorService 'taskScheduler'
2023-03-16-14:41[main] [INFO ] springfox.documentation.spring.web.PropertySourcedRequestMappingHandlerMapping - Mapped URL path [/v2/api-docs] onto method [springfox.documentation.swagger2.web.Swagger2Controller#getDocumentation(String, HttpServletRequest)]
2023-03-16-14:41[main] [INFO ] org.springframework.scheduling.concurrent.ThreadPoolTaskExecutor - Initializing ExecutorService 'applicationTaskExecutor'
2023-03-16-14:41[main] [INFO ] org.springframework.boot.web.embedded.tomcat.TomcatWebServer - Tomcat started on port(s): 8980 (http) with context path '/wss'
2023-03-16-14:41[main] [INFO ] springfox.documentation.spring.web.plugins.DocumentationPluginsBootstrapper - Context refreshed
2023-03-16-14:41[main] [INFO ] springfox.documentation.spring.web.plugins.DocumentationPluginsBootstrapper - Found 2 custom documentation plugin(s)
2023-03-16-14:41[main] [INFO ] springfox.documentation.spring.web.scanners.ApiListingReferenceScanner - Scanning for api listing references
2023-03-16-14:41[main] [INFO ] springfox.documentation.spring.web.readers.operation.CachingOperationNameGenerator - Generating unique operation named: testUsingGET_1
2023-03-16-14:41[main] [INFO ] springfox.documentation.spring.web.readers.operation.CachingOperationNameGenerator - Generating unique operation named: testUsingGET_2
2023-03-16-14:41[main] [INFO ] springfox.documentation.spring.web.scanners.ApiListingReferenceScanner - Scanning for api listing references
2023-03-16-14:41[main] [INFO ] springfox.documentation.spring.web.readers.operation.CachingOperationNameGenerator - Generating unique operation named: testUsingGET_3
2023-03-16-14:41[main] [INFO ] springfox.documentation.spring.web.readers.operation.CachingOperationNameGenerator - Generating unique operation named: testUsingGET_4
2023-03-16-14:41[main] [INFO ] springfox.documentation.spring.web.readers.operation.CachingOperationNameGenerator - Generating unique operation named: getUserUsingGET_1
2023-03-16-14:41[main] [INFO ] springfox.documentation.spring.web.readers.operation.CachingOperationNameGenerator - Generating unique operation named: testUsingGET_5
2023-03-16-14:41[main] [INFO ] com.metoo.nspm.Application - Started Application in 16.923 seconds (JVM running for 24.063)
2023-03-16-14:41[http-nio-8980-exec-2] [INFO ] org.springframework.web.servlet.DispatcherServlet - Initializing Servlet 'dispatcherServlet'
2023-03-16-14:41[http-nio-8980-exec-2] [INFO ] org.springframework.web.servlet.DispatcherServlet - Completed initialization in 1 ms
2023-03-16-14:41[http-nio-8980-exec-2] [INFO ] org.apache.shiro.session.mgt.AbstractValidatingSessionManager - Enabling session validation scheduler...
2023-03-16-14:41[http-nio-8980-exec-2] [INFO ] com.metoo.nspm.core.config.socket.NoticeEndpoint - be8de628-3963-4a5e-9228-c862c4867e34用户Id:1连接开启！
2023-03-16-14:41[http-nio-8980-exec-1] [INFO ] com.metoo.nspm.core.config.socket.NoticeEndpoint - a7f9767e-041a-4eaf-9aaa-ea0c77f01174用户Id:1连接开启！
2023-03-16-14:42[http-nio-8980-exec-3] [INFO ] com.metoo.nspm.core.config.socket.NoticeEndpoint - 收到来自窗口 1 的信息:{"noticeType":"4","userId":"1","time":"","params":["da9b3c12-b14a-4f72-b97c-7a6a706b7d57"]}
2023-03-16-14:42[http-nio-8980-exec-3] [INFO ] com.metoo.nspm.core.config.socket.NoticeEndpoint - 错误
2023-03-16-14:42[http-nio-8980-exec-3] [INFO ] com.metoo.nspm.core.config.socket.NoticeEndpoint - a7f9767e-041a-4eaf-9aaa-ea0c77f01174连接断开！
2023-03-16-14:42[http-nio-8980-exec-4] [INFO ] com.metoo.nspm.core.config.socket.NoticeEndpoint - d557c504-df01-409e-b63a-de849e538f5d用户Id:1连接开启！
2023-03-16-14:46[http-nio-8980-exec-5] [INFO ] com.metoo.nspm.core.config.socket.NoticeEndpoint - 收到来自窗口 1 的信息:{"noticeType":"4","userId":"1","time":"","params":["da9b3c12-b14a-4f72-b97c-7a6a706b7d57"]}
2023-03-16-14:46[http-nio-8980-exec-6] [INFO ] com.metoo.nspm.core.config.socket.NoticeEndpoint - 收到来自窗口 1 的信息:{"noticeType":"4","userId":"1","time":"","params":["da9b3c12-b14a-4f72-b97c-7a6a706b7d57"]}
2023-03-16-14:46[http-nio-8980-exec-5] [INFO ] com.metoo.nspm.core.config.socket.NoticeEndpoint - 错误
2023-03-16-14:46[http-nio-8980-exec-5] [INFO ] com.metoo.nspm.core.config.socket.NoticeEndpoint - d557c504-df01-409e-b63a-de849e538f5d连接断开！
2023-03-16-14:46[http-nio-8980-exec-6] [INFO ] com.metoo.nspm.core.config.socket.NoticeEndpoint - 错误
2023-03-16-14:46[http-nio-8980-exec-6] [INFO ] com.metoo.nspm.core.config.socket.NoticeEndpoint - be8de628-3963-4a5e-9228-c862c4867e34连接断开！
2023-03-16-14:46[http-nio-8980-exec-8] [INFO ] com.metoo.nspm.core.config.socket.NoticeEndpoint - 3d1e2f86-358e-4ef0-8afa-8db03366f262用户Id:1连接开启！
2023-03-16-14:46[http-nio-8980-exec-7] [INFO ] com.metoo.nspm.core.config.socket.NoticeEndpoint - 0c4e25ad-a2f9-4b2e-a4fc-a41a1753e9cf用户Id:1连接开启！
2023-03-16-14:47[http-nio-8980-exec-9] [INFO ] com.metoo.nspm.core.config.socket.NoticeEndpoint - 收到来自窗口 1 的信息:{"noticeType":"4","userId":"1","time":"","params":["da9b3c12-b14a-4f72-b97c-7a6a706b7d57"]}
2023-03-16-14:47[http-nio-8980-exec-10] [INFO ] com.metoo.nspm.core.config.socket.NoticeEndpoint - 收到来自窗口 1 的信息:{"noticeType":"4","userId":"1","time":"","params":["da9b3c12-b14a-4f72-b97c-7a6a706b7d57"]}
2023-03-16-14:47[http-nio-8980-exec-9] [INFO ] com.metoo.nspm.core.config.socket.NoticeEndpoint - 错误
2023-03-16-14:47[http-nio-8980-exec-9] [INFO ] com.metoo.nspm.core.config.socket.NoticeEndpoint - 3d1e2f86-358e-4ef0-8afa-8db03366f262连接断开！
2023-03-16-14:47[http-nio-8980-exec-10] [INFO ] com.metoo.nspm.core.config.socket.NoticeEndpoint - 错误
2023-03-16-14:47[http-nio-8980-exec-10] [INFO ] com.metoo.nspm.core.config.socket.NoticeEndpoint - 0c4e25ad-a2f9-4b2e-a4fc-a41a1753e9cf连接断开！
