2023-03-16-11:21[main] [INFO ] com.metoo.nspm.Application - Starting Application using Java 1.8.0_131 on WIN-C343LASFC79 with PID 2152 (E:\java\project\nspm\ws\target\classes started by Administrator in E:\java\project\nspm\ws)
2023-03-16-11:21[main] [INFO ] com.metoo.nspm.Application - The following profiles are active: dev
2023-03-16-11:21[main] [INFO ] org.springframework.context.support.PostProcessorRegistrationDelegate$BeanPostProcessorChecker - Bean 'shiroConfig' of type [com.metoo.nspm.core.config.shiro.ShiroConfig$$EnhancerBySpringCGLIB$$667cb60d] is not eligible for getting processed by all BeanPostProcessors (for example: not eligible for auto-proxying)
2023-03-16-11:22[main] [INFO ] org.springframework.context.support.PostProcessorRegistrationDelegate$BeanPostProcessorChecker - Bean 'mybatis-org.mybatis.spring.boot.autoconfigure.MybatisProperties' of type [org.mybatis.spring.boot.autoconfigure.MybatisProperties] is not eligible for getting processed by all BeanPostProcessors (for example: not eligible for auto-proxying)
2023-03-16-11:22[main] [INFO ] org.springframework.context.support.PostProcessorRegistrationDelegate$BeanPostProcessorChecker - Bean 'org.mybatis.spring.boot.autoconfigure.MybatisAutoConfiguration' of type [org.mybatis.spring.boot.autoconfigure.MybatisAutoConfiguration$$EnhancerBySpringCGLIB$$8ab164f2] is not eligible for getting processed by all BeanPostProcessors (for example: not eligible for auto-proxying)
2023-03-16-11:22[main] [INFO ] org.springframework.context.support.PostProcessorRegistrationDelegate$BeanPostProcessorChecker - Bean 'org.springframework.boot.autoconfigure.jdbc.DataSourceConfiguration$Generic' of type [org.springframework.boot.autoconfigure.jdbc.DataSourceConfiguration$Generic] is not eligible for getting processed by all BeanPostProcessors (for example: not eligible for auto-proxying)
2023-03-16-11:22[main] [INFO ] org.springframework.context.support.PostProcessorRegistrationDelegate$BeanPostProcessorChecker - Bean 'spring.datasource-org.springframework.boot.autoconfigure.jdbc.DataSourceProperties' of type [org.springframework.boot.autoconfigure.jdbc.DataSourceProperties] is not eligible for getting processed by all BeanPostProcessors (for example: not eligible for auto-proxying)
2023-03-16-11:22[main] [INFO ] org.springframework.context.support.PostProcessorRegistrationDelegate$BeanPostProcessorChecker - Bean 'dataSource' of type [com.alibaba.druid.pool.DruidDataSource] is not eligible for getting processed by all BeanPostProcessors (for example: not eligible for auto-proxying)
2023-03-16-11:22[main] [INFO ] org.springframework.context.support.PostProcessorRegistrationDelegate$BeanPostProcessorChecker - Bean 'sqlSessionFactory' of type [org.apache.ibatis.session.defaults.DefaultSqlSessionFactory] is not eligible for getting processed by all BeanPostProcessors (for example: not eligible for auto-proxying)
2023-03-16-11:22[main] [INFO ] org.springframework.context.support.PostProcessorRegistrationDelegate$BeanPostProcessorChecker - Bean 'sqlSessionTemplate' of type [org.mybatis.spring.SqlSessionTemplate] is not eligible for getting processed by all BeanPostProcessors (for example: not eligible for auto-proxying)
2023-03-16-11:22[main] [INFO ] org.springframework.context.support.PostProcessorRegistrationDelegate$BeanPostProcessorChecker - Bean 'roleMapper' of type [org.mybatis.spring.mapper.MapperFactoryBean] is not eligible for getting processed by all BeanPostProcessors (for example: not eligible for auto-proxying)
2023-03-16-11:22[main] [INFO ] org.springframework.context.support.PostProcessorRegistrationDelegate$BeanPostProcessorChecker - Bean 'roleMapper' of type [com.sun.proxy.$Proxy76] is not eligible for getting processed by all BeanPostProcessors (for example: not eligible for auto-proxying)
2023-03-16-11:22[main] [INFO ] org.springframework.context.support.PostProcessorRegistrationDelegate$BeanPostProcessorChecker - Bean 'resMapper' of type [org.mybatis.spring.mapper.MapperFactoryBean] is not eligible for getting processed by all BeanPostProcessors (for example: not eligible for auto-proxying)
2023-03-16-11:22[main] [INFO ] org.springframework.context.support.PostProcessorRegistrationDelegate$BeanPostProcessorChecker - Bean 'resMapper' of type [com.sun.proxy.$Proxy77] is not eligible for getting processed by all BeanPostProcessors (for example: not eligible for auto-proxying)
2023-03-16-11:22[main] [INFO ] org.springframework.context.support.PostProcessorRegistrationDelegate$BeanPostProcessorChecker - Bean 'resService' of type [com.metoo.nspm.core.service.impl.ResServiceImpl] is not eligible for getting processed by all BeanPostProcessors (for example: not eligible for auto-proxying)
2023-03-16-11:22[main] [INFO ] org.springframework.context.support.PostProcessorRegistrationDelegate$BeanPostProcessorChecker - Bean 'roleResMapper' of type [org.mybatis.spring.mapper.MapperFactoryBean] is not eligible for getting processed by all BeanPostProcessors (for example: not eligible for auto-proxying)
2023-03-16-11:22[main] [INFO ] org.springframework.context.support.PostProcessorRegistrationDelegate$BeanPostProcessorChecker - Bean 'roleResMapper' of type [com.sun.proxy.$Proxy80] is not eligible for getting processed by all BeanPostProcessors (for example: not eligible for auto-proxying)
2023-03-16-11:22[main] [INFO ] org.springframework.context.support.PostProcessorRegistrationDelegate$BeanPostProcessorChecker - Bean 'roleResServiceImpl' of type [com.metoo.nspm.core.service.impl.RoleResServiceImpl] is not eligible for getting processed by all BeanPostProcessors (for example: not eligible for auto-proxying)
2023-03-16-11:22[main] [INFO ] org.springframework.context.support.PostProcessorRegistrationDelegate$BeanPostProcessorChecker - Bean 'roleServiceImpl' of type [com.metoo.nspm.core.service.impl.RoleServiceImpl] is not eligible for getting processed by all BeanPostProcessors (for example: not eligible for auto-proxying)
2023-03-16-11:22[main] [INFO ] org.springframework.context.support.PostProcessorRegistrationDelegate$BeanPostProcessorChecker - Bean 'getRealm' of type [com.metoo.nspm.core.config.shiro.MyRealm] is not eligible for getting processed by all BeanPostProcessors (for example: not eligible for auto-proxying)
2023-03-16-11:22[main] [INFO ] org.springframework.context.support.PostProcessorRegistrationDelegate$BeanPostProcessorChecker - Bean 'sessionManager' of type [org.apache.shiro.web.session.mgt.DefaultWebSessionManager] is not eligible for getting processed by all BeanPostProcessors (for example: not eligible for auto-proxying)
2023-03-16-11:22[main] [INFO ] org.springframework.context.support.PostProcessorRegistrationDelegate$BeanPostProcessorChecker - Bean 'sessionStorageEvaluator' of type [org.apache.shiro.mgt.DefaultSessionStorageEvaluator] is not eligible for getting processed by all BeanPostProcessors (for example: not eligible for auto-proxying)
2023-03-16-11:22[main] [INFO ] org.springframework.context.support.PostProcessorRegistrationDelegate$BeanPostProcessorChecker - Bean 'getDefaultWebSecurityManager' of type [org.apache.shiro.web.mgt.DefaultWebSecurityManager] is not eligible for getting processed by all BeanPostProcessors (for example: not eligible for auto-proxying)
2023-03-16-11:22[main] [INFO ] org.springframework.context.support.PostProcessorRegistrationDelegate$BeanPostProcessorChecker - Bean 'authorizationAttributeSourceAdvisor' of type [org.apache.shiro.spring.security.interceptor.AuthorizationAttributeSourceAdvisor] is not eligible for getting processed by all BeanPostProcessors (for example: not eligible for auto-proxying)
2023-03-16-11:22[main] [INFO ] org.springframework.context.support.PostProcessorRegistrationDelegate$BeanPostProcessorChecker - Bean 'org.apache.shiro.spring.boot.autoconfigure.ShiroBeanAutoConfiguration' of type [org.apache.shiro.spring.boot.autoconfigure.ShiroBeanAutoConfiguration$$EnhancerBySpringCGLIB$$6af5f172] is not eligible for getting processed by all BeanPostProcessors (for example: not eligible for auto-proxying)
2023-03-16-11:22[main] [INFO ] org.springframework.context.support.PostProcessorRegistrationDelegate$BeanPostProcessorChecker - Bean 'eventBus' of type [org.apache.shiro.event.support.DefaultEventBus] is not eligible for getting processed by all BeanPostProcessors (for example: not eligible for auto-proxying)
2023-03-16-11:22[main] [INFO ] org.springframework.boot.web.embedded.tomcat.TomcatWebServer - Tomcat initialized with port(s): 8980 (http)
2023-03-16-11:22[main] [INFO ] org.springframework.boot.web.servlet.context.ServletWebServerApplicationContext - Root WebApplicationContext: initialization completed in 8051 ms
2023-03-16-11:22[main] [INFO ] org.springframework.beans.factory.annotation.AutowiredAnnotationBeanPostProcessor - Autowired annotation is not supported on static fields: private static com.metoo.nspm.core.api.service.WUserService com.metoo.nspm.core.config.interceptor.MyInterceptor.userService
2023-03-16-11:22[main] [INFO ] org.springframework.scheduling.concurrent.ThreadPoolTaskScheduler - Initializing ExecutorService 'taskScheduler'
2023-03-16-11:22[main] [INFO ] springfox.documentation.spring.web.PropertySourcedRequestMappingHandlerMapping - Mapped URL path [/v2/api-docs] onto method [springfox.documentation.swagger2.web.Swagger2Controller#getDocumentation(String, HttpServletRequest)]
2023-03-16-11:22[main] [INFO ] org.springframework.scheduling.concurrent.ThreadPoolTaskExecutor - Initializing ExecutorService 'applicationTaskExecutor'
2023-03-16-11:22[main] [INFO ] org.springframework.boot.web.embedded.tomcat.TomcatWebServer - Tomcat started on port(s): 8980 (http) with context path '/wss'
2023-03-16-11:22[main] [INFO ] springfox.documentation.spring.web.plugins.DocumentationPluginsBootstrapper - Context refreshed
2023-03-16-11:22[main] [INFO ] springfox.documentation.spring.web.plugins.DocumentationPluginsBootstrapper - Found 2 custom documentation plugin(s)
2023-03-16-11:22[main] [INFO ] springfox.documentation.spring.web.scanners.ApiListingReferenceScanner - Scanning for api listing references
2023-03-16-11:22[main] [INFO ] springfox.documentation.spring.web.readers.operation.CachingOperationNameGenerator - Generating unique operation named: testUsingGET_1
2023-03-16-11:22[main] [INFO ] springfox.documentation.spring.web.readers.operation.CachingOperationNameGenerator - Generating unique operation named: testUsingGET_2
2023-03-16-11:22[main] [INFO ] springfox.documentation.spring.web.scanners.ApiListingReferenceScanner - Scanning for api listing references
2023-03-16-11:22[main] [INFO ] springfox.documentation.spring.web.readers.operation.CachingOperationNameGenerator - Generating unique operation named: testUsingGET_3
2023-03-16-11:22[main] [INFO ] springfox.documentation.spring.web.readers.operation.CachingOperationNameGenerator - Generating unique operation named: testUsingGET_4
2023-03-16-11:22[main] [INFO ] springfox.documentation.spring.web.readers.operation.CachingOperationNameGenerator - Generating unique operation named: getUserUsingGET_1
2023-03-16-11:22[main] [INFO ] springfox.documentation.spring.web.readers.operation.CachingOperationNameGenerator - Generating unique operation named: testUsingGET_5
2023-03-16-11:22[main] [INFO ] com.metoo.nspm.Application - Started Application in 13.301 seconds (JVM running for 18.618)
2023-03-16-12:06[http-nio-8980-exec-2] [INFO ] org.springframework.web.servlet.DispatcherServlet - Initializing Servlet 'dispatcherServlet'
2023-03-16-12:06[http-nio-8980-exec-2] [INFO ] org.springframework.web.servlet.DispatcherServlet - Completed initialization in 32 ms
2023-03-16-12:06[http-nio-8980-exec-2] [INFO ] org.apache.shiro.session.mgt.AbstractValidatingSessionManager - Enabling session validation scheduler...
2023-03-16-12:06[http-nio-8980-exec-2] [INFO ] com.metoo.nspm.core.config.socket.NoticeEndpoint - d5434fe6-21a3-4f98-b93c-3191b441d000用户Id:1连接开启！
2023-03-16-12:07[http-nio-8980-exec-1] [INFO ] com.metoo.nspm.core.config.socket.NoticeEndpoint - 收到来自窗口 1 的信息:{"noticeType":"4","userId":"1","time":"","params":["da9b3c12-b14a-4f72-b97c-7a6a706b7d57"]}
2023-03-16-12:07[http-nio-8980-exec-3] [INFO ] com.metoo.nspm.core.config.socket.NoticeEndpoint - 收到来自窗口 1 的信息:{"noticeType":"4","userId":"1","time":"","params":["da9b3c12-b14a-4f72-b97c-7a6a706b7d57"]}
2023-03-16-12:10[http-nio-8980-exec-5] [INFO ] com.metoo.nspm.core.config.socket.NoticeEndpoint - 收到来自窗口 1 的信息:{"noticeType":"4","userId":"1","time":"","params":["da9b3c12-b14a-4f72-b97c-7a6a706b7d57"]}
2023-03-16-12:10[http-nio-8980-exec-4] [INFO ] com.metoo.nspm.core.config.socket.NoticeEndpoint - 收到来自窗口 1 的信息:{"noticeType":"4","userId":"1","time":"","params":["da9b3c12-b14a-4f72-b97c-7a6a706b7d57"]}
2023-03-16-12:10[http-nio-8980-exec-6] [INFO ] com.metoo.nspm.core.config.socket.NoticeEndpoint - d5434fe6-21a3-4f98-b93c-3191b441d000连接断开！
2023-03-16-12:10[http-nio-8980-exec-7] [INFO ] com.metoo.nspm.core.config.socket.NoticeEndpoint - de063476-3a24-4512-914b-9e25840016e4用户Id:1连接开启！
2023-03-16-12:10[http-nio-8980-exec-8] [INFO ] com.metoo.nspm.core.config.socket.NoticeEndpoint - 收到来自窗口 1 的信息:{"noticeType":"4","userId":"1","time":"","params":["da9b3c12-b14a-4f72-b97c-7a6a706b7d57"]}
2023-03-16-12:10[http-nio-8980-exec-9] [INFO ] com.metoo.nspm.core.config.socket.NoticeEndpoint - de063476-3a24-4512-914b-9e25840016e4连接断开！
2023-03-16-12:10[http-nio-8980-exec-10] [INFO ] com.metoo.nspm.core.config.socket.NoticeEndpoint - 83e385b1-31b4-4b7a-a475-9f12e9a8a607用户Id:1连接开启！
2023-03-16-13:06[SessionValidationThread-1] [INFO ] org.apache.shiro.session.mgt.AbstractValidatingSessionManager - Validating all active sessions...
2023-03-16-13:06[SessionValidationThread-1] [INFO ] org.apache.shiro.session.mgt.AbstractValidatingSessionManager - Finished session validation.  No sessions were stopped.
2023-03-16-14:06[SessionValidationThread-1] [INFO ] org.apache.shiro.session.mgt.AbstractValidatingSessionManager - Validating all active sessions...
2023-03-16-14:06[SessionValidationThread-1] [INFO ] org.apache.shiro.session.mgt.AbstractValidatingSessionManager - Finished session validation.  No sessions were stopped.
2023-03-16-14:21[http-nio-8980-exec-2] [INFO ] com.metoo.nspm.core.config.socket.NoticeEndpoint - 收到来自窗口 1 的信息:{"noticeType":"4","userId":"1","time":"","params":["ff584ce0-dc56-4af4-b9e5-e3e2fb499e6a","395200e6-b24e-4ccd-aa6a-2244d08d0157","edce18c4-618e-4909-84bd-caaddc6d97d9","b466afe2-a33c-4323-ae1c-2a19099b746f","4d8907d8-ccef-400e-b2a4-a8c4ba8604de","0214d337-a2e3-44bf-bdff-672a377dd765","88cb1d5f-d67e-4083-81b3-09c4c42a198d","493dcf46-9649-43ec-8af9-2f0a75f7c982","139fdcfd-600d-4444-be19-9b5d951b6804","5fa77c14-99de-4db7-85d8-2de5b47942a8","382af492-2fcd-4817-8c33-25fdbd1554aa","90018bb4-f384-4498-89e5-88488909423e","ddb8d2b0-3b5b-494f-84f6-404d632512a3","7e80adff-5cb6-45de-aee2-c575b62b3eaa","75040de4-8e35-4f50-9301-8b9c21fce8fd","c5530709-9a6a-4556-8cef-3e9ad3ecacde","8a552755-e50a-4063-bf87-22de2b4fc76a","e7976c38-3681-4e6f-9269-ba311ba1b284","6a2916ae-2a3f-4c39-870d-02bc1a398a47","715ac772-0d71-4f2c-9ec0-6f1634b82a4b","6c1e58da-a5c4-44e2-b3f8-2da48fd6e64a","c8f135ae-5607-42a4-ba5e-babc16a8599d","890490c9-89bb-417b-aac6-5c124c0ea3bc","b75500ef-88d5-4507-bc99-fe8aa3a52cff","c465507a-692c-4bd7-864a-83647a1d9236","4b439e63-a704-4e1f-a7fa-5026122b97df","e0376d58-91d2-494e-bc3b-abd8fe4e994e","a24f7f6c-72dd-481e-9789-94ccb03c1ec3"]}
2023-03-16-14:30[http-nio-8980-exec-1] [INFO ] com.metoo.nspm.core.config.socket.NoticeEndpoint - 83e385b1-31b4-4b7a-a475-9f12e9a8a607连接断开！
2023-03-16-14:30[http-nio-8980-exec-3] [INFO ] com.metoo.nspm.core.config.socket.NoticeEndpoint - 9d903dd0-c03f-4d72-bb0d-6ad142bbef80用户Id:1连接开启！
2023-03-16-14:30[http-nio-8980-exec-5] [INFO ] com.metoo.nspm.core.config.socket.NoticeEndpoint - 收到来自窗口 1 的信息:{"noticeType":"4","userId":"1","time":"","params":["da9b3c12-b14a-4f72-b97c-7a6a706b7d57"]}
