2023-02-10-14:14[main] [INFO ] com.metoo.nspm.Application - Starting Application using Java 1.8.0_131 on WIN-C343LASFC79 with PID 5364 (E:\java\project\nspm\ws\target\classes started by Administrator in E:\java\project\nspm\ws)
2023-02-10-14:14[main] [INFO ] com.metoo.nspm.Application - The following profiles are active: dev
2023-02-10-14:14[main] [INFO ] org.springframework.context.support.PostProcessorRegistrationDelegate$BeanPostProcessorChecker - Bean 'shiroConfig' of type [com.metoo.nspm.core.config.shiro.ShiroConfig$$EnhancerBySpringCGLIB$$272dbfec] is not eligible for getting processed by all BeanPostProcessors (for example: not eligible for auto-proxying)
2023-02-10-14:14[main] [INFO ] org.springframework.context.support.PostProcessorRegistrationDelegate$BeanPostProcessorChecker - Bean 'mybatis-org.mybatis.spring.boot.autoconfigure.MybatisProperties' of type [org.mybatis.spring.boot.autoconfigure.MybatisProperties] is not eligible for getting processed by all BeanPostProcessors (for example: not eligible for auto-proxying)
2023-02-10-14:14[main] [INFO ] org.springframework.context.support.PostProcessorRegistrationDelegate$BeanPostProcessorChecker - Bean 'org.mybatis.spring.boot.autoconfigure.MybatisAutoConfiguration' of type [org.mybatis.spring.boot.autoconfigure.MybatisAutoConfiguration$$EnhancerBySpringCGLIB$$4b626ed1] is not eligible for getting processed by all BeanPostProcessors (for example: not eligible for auto-proxying)
2023-02-10-14:14[main] [INFO ] org.springframework.context.support.PostProcessorRegistrationDelegate$BeanPostProcessorChecker - Bean 'org.springframework.boot.autoconfigure.jdbc.DataSourceConfiguration$Generic' of type [org.springframework.boot.autoconfigure.jdbc.DataSourceConfiguration$Generic] is not eligible for getting processed by all BeanPostProcessors (for example: not eligible for auto-proxying)
2023-02-10-14:14[main] [INFO ] org.springframework.context.support.PostProcessorRegistrationDelegate$BeanPostProcessorChecker - Bean 'spring.datasource-org.springframework.boot.autoconfigure.jdbc.DataSourceProperties' of type [org.springframework.boot.autoconfigure.jdbc.DataSourceProperties] is not eligible for getting processed by all BeanPostProcessors (for example: not eligible for auto-proxying)
2023-02-10-14:14[main] [INFO ] org.springframework.context.support.PostProcessorRegistrationDelegate$BeanPostProcessorChecker - Bean 'dataSource' of type [com.alibaba.druid.pool.DruidDataSource] is not eligible for getting processed by all BeanPostProcessors (for example: not eligible for auto-proxying)
2023-02-10-14:14[main] [INFO ] org.springframework.context.support.PostProcessorRegistrationDelegate$BeanPostProcessorChecker - Bean 'sqlSessionFactory' of type [org.apache.ibatis.session.defaults.DefaultSqlSessionFactory] is not eligible for getting processed by all BeanPostProcessors (for example: not eligible for auto-proxying)
2023-02-10-14:14[main] [INFO ] org.springframework.context.support.PostProcessorRegistrationDelegate$BeanPostProcessorChecker - Bean 'sqlSessionTemplate' of type [org.mybatis.spring.SqlSessionTemplate] is not eligible for getting processed by all BeanPostProcessors (for example: not eligible for auto-proxying)
2023-02-10-14:14[main] [INFO ] org.springframework.context.support.PostProcessorRegistrationDelegate$BeanPostProcessorChecker - Bean 'roleMapper' of type [org.mybatis.spring.mapper.MapperFactoryBean] is not eligible for getting processed by all BeanPostProcessors (for example: not eligible for auto-proxying)
2023-02-10-14:14[main] [INFO ] org.springframework.context.support.PostProcessorRegistrationDelegate$BeanPostProcessorChecker - Bean 'roleMapper' of type [com.sun.proxy.$Proxy76] is not eligible for getting processed by all BeanPostProcessors (for example: not eligible for auto-proxying)
2023-02-10-14:14[main] [INFO ] org.springframework.context.support.PostProcessorRegistrationDelegate$BeanPostProcessorChecker - Bean 'resMapper' of type [org.mybatis.spring.mapper.MapperFactoryBean] is not eligible for getting processed by all BeanPostProcessors (for example: not eligible for auto-proxying)
2023-02-10-14:14[main] [INFO ] org.springframework.context.support.PostProcessorRegistrationDelegate$BeanPostProcessorChecker - Bean 'resMapper' of type [com.sun.proxy.$Proxy77] is not eligible for getting processed by all BeanPostProcessors (for example: not eligible for auto-proxying)
2023-02-10-14:14[main] [INFO ] org.springframework.context.support.PostProcessorRegistrationDelegate$BeanPostProcessorChecker - Bean 'resService' of type [com.metoo.nspm.core.service.impl.ResServiceImpl] is not eligible for getting processed by all BeanPostProcessors (for example: not eligible for auto-proxying)
2023-02-10-14:14[main] [INFO ] org.springframework.context.support.PostProcessorRegistrationDelegate$BeanPostProcessorChecker - Bean 'roleResMapper' of type [org.mybatis.spring.mapper.MapperFactoryBean] is not eligible for getting processed by all BeanPostProcessors (for example: not eligible for auto-proxying)
2023-02-10-14:14[main] [INFO ] org.springframework.context.support.PostProcessorRegistrationDelegate$BeanPostProcessorChecker - Bean 'roleResMapper' of type [com.sun.proxy.$Proxy80] is not eligible for getting processed by all BeanPostProcessors (for example: not eligible for auto-proxying)
2023-02-10-14:14[main] [INFO ] org.springframework.context.support.PostProcessorRegistrationDelegate$BeanPostProcessorChecker - Bean 'roleResServiceImpl' of type [com.metoo.nspm.core.service.impl.RoleResServiceImpl] is not eligible for getting processed by all BeanPostProcessors (for example: not eligible for auto-proxying)
2023-02-10-14:14[main] [INFO ] org.springframework.context.support.PostProcessorRegistrationDelegate$BeanPostProcessorChecker - Bean 'roleServiceImpl' of type [com.metoo.nspm.core.service.impl.RoleServiceImpl] is not eligible for getting processed by all BeanPostProcessors (for example: not eligible for auto-proxying)
2023-02-10-14:14[main] [INFO ] org.springframework.context.support.PostProcessorRegistrationDelegate$BeanPostProcessorChecker - Bean 'getRealm' of type [com.metoo.nspm.core.config.shiro.MyRealm] is not eligible for getting processed by all BeanPostProcessors (for example: not eligible for auto-proxying)
2023-02-10-14:14[main] [INFO ] org.springframework.context.support.PostProcessorRegistrationDelegate$BeanPostProcessorChecker - Bean 'sessionManager' of type [org.apache.shiro.web.session.mgt.DefaultWebSessionManager] is not eligible for getting processed by all BeanPostProcessors (for example: not eligible for auto-proxying)
2023-02-10-14:14[main] [INFO ] org.springframework.context.support.PostProcessorRegistrationDelegate$BeanPostProcessorChecker - Bean 'sessionStorageEvaluator' of type [org.apache.shiro.mgt.DefaultSessionStorageEvaluator] is not eligible for getting processed by all BeanPostProcessors (for example: not eligible for auto-proxying)
2023-02-10-14:14[main] [INFO ] org.springframework.context.support.PostProcessorRegistrationDelegate$BeanPostProcessorChecker - Bean 'getDefaultWebSecurityManager' of type [org.apache.shiro.web.mgt.DefaultWebSecurityManager] is not eligible for getting processed by all BeanPostProcessors (for example: not eligible for auto-proxying)
2023-02-10-14:14[main] [INFO ] org.springframework.context.support.PostProcessorRegistrationDelegate$BeanPostProcessorChecker - Bean 'authorizationAttributeSourceAdvisor' of type [org.apache.shiro.spring.security.interceptor.AuthorizationAttributeSourceAdvisor] is not eligible for getting processed by all BeanPostProcessors (for example: not eligible for auto-proxying)
2023-02-10-14:14[main] [INFO ] org.springframework.context.support.PostProcessorRegistrationDelegate$BeanPostProcessorChecker - Bean 'org.apache.shiro.spring.boot.autoconfigure.ShiroBeanAutoConfiguration' of type [org.apache.shiro.spring.boot.autoconfigure.ShiroBeanAutoConfiguration$$EnhancerBySpringCGLIB$$2ba6fb51] is not eligible for getting processed by all BeanPostProcessors (for example: not eligible for auto-proxying)
2023-02-10-14:14[main] [INFO ] org.springframework.context.support.PostProcessorRegistrationDelegate$BeanPostProcessorChecker - Bean 'eventBus' of type [org.apache.shiro.event.support.DefaultEventBus] is not eligible for getting processed by all BeanPostProcessors (for example: not eligible for auto-proxying)
2023-02-10-14:14[main] [INFO ] org.springframework.boot.web.embedded.tomcat.TomcatWebServer - Tomcat initialized with port(s): 8980 (http)
2023-02-10-14:14[main] [INFO ] org.springframework.boot.web.servlet.context.ServletWebServerApplicationContext - Root WebApplicationContext: initialization completed in 2978 ms
2023-02-10-14:14[main] [INFO ] org.springframework.beans.factory.annotation.AutowiredAnnotationBeanPostProcessor - Autowired annotation is not supported on static fields: private static com.metoo.nspm.core.api.service.WUserService com.metoo.nspm.core.config.interceptor.MyInterceptor.userService
2023-02-10-14:14[main] [INFO ] org.springframework.scheduling.concurrent.ThreadPoolTaskScheduler - Initializing ExecutorService 'taskScheduler'
2023-02-10-14:14[main] [INFO ] springfox.documentation.spring.web.PropertySourcedRequestMappingHandlerMapping - Mapped URL path [/v2/api-docs] onto method [springfox.documentation.swagger2.web.Swagger2Controller#getDocumentation(String, HttpServletRequest)]
2023-02-10-14:14[main] [INFO ] org.springframework.scheduling.concurrent.ThreadPoolTaskExecutor - Initializing ExecutorService 'applicationTaskExecutor'
2023-02-10-14:14[main] [INFO ] org.springframework.boot.web.embedded.tomcat.TomcatWebServer - Tomcat started on port(s): 8980 (http) with context path '/wss'
2023-02-10-14:14[main] [INFO ] springfox.documentation.spring.web.plugins.DocumentationPluginsBootstrapper - Context refreshed
2023-02-10-14:14[main] [INFO ] springfox.documentation.spring.web.plugins.DocumentationPluginsBootstrapper - Found 2 custom documentation plugin(s)
2023-02-10-14:14[main] [INFO ] springfox.documentation.spring.web.scanners.ApiListingReferenceScanner - Scanning for api listing references
2023-02-10-14:14[main] [INFO ] springfox.documentation.spring.web.readers.operation.CachingOperationNameGenerator - Generating unique operation named: testUsingGET_1
2023-02-10-14:14[main] [INFO ] springfox.documentation.spring.web.readers.operation.CachingOperationNameGenerator - Generating unique operation named: testUsingGET_2
2023-02-10-14:14[main] [INFO ] springfox.documentation.spring.web.scanners.ApiListingReferenceScanner - Scanning for api listing references
2023-02-10-14:14[main] [INFO ] springfox.documentation.spring.web.readers.operation.CachingOperationNameGenerator - Generating unique operation named: testUsingGET_3
2023-02-10-14:14[main] [INFO ] springfox.documentation.spring.web.readers.operation.CachingOperationNameGenerator - Generating unique operation named: testUsingGET_4
2023-02-10-14:14[main] [INFO ] springfox.documentation.spring.web.readers.operation.CachingOperationNameGenerator - Generating unique operation named: getUserUsingGET_1
2023-02-10-14:14[main] [INFO ] springfox.documentation.spring.web.readers.operation.CachingOperationNameGenerator - Generating unique operation named: testUsingGET_5
2023-02-10-14:14[main] [INFO ] com.metoo.nspm.Application - Started Application in 5.525 seconds (JVM running for 8.061)
2023-02-10-14:14[http-nio-8980-exec-3] [INFO ] org.springframework.web.servlet.DispatcherServlet - Initializing Servlet 'dispatcherServlet'
2023-02-10-14:14[http-nio-8980-exec-3] [INFO ] org.springframework.web.servlet.DispatcherServlet - Completed initialization in 1 ms
2023-02-10-14:14[http-nio-8980-exec-3] [INFO ] org.apache.shiro.session.mgt.AbstractValidatingSessionManager - Enabling session validation scheduler...
2023-02-10-14:14[http-nio-8980-exec-3] [INFO ] com.metoo.nspm.core.config.socket.NoticeEndpoint - 737d34ef-b5ec-44fa-a5df-c53349cf114b用户Id:1连接开启！
2023-02-10-14:14[http-nio-8980-exec-2] [INFO ] com.metoo.nspm.core.config.socket.NoticeEndpoint - 收到来自窗口 1 的信息:{
    "分区":[
         {
            "uuid":"14966b01-9224-4223-a77e-49d7ea0095a7",
            "interface":["Gi0/0", "Gi0/33", "Gi0/2", "Gi0/3"]
        }
    ],
     "分区1":[
         {
            "uuid":"14966b01-9224-4223-a77e-49d7ea0095a7",
            "interface":["Gi0/0", "Gi0/33", "Gi0/2", "Gi0/3"]
        }
    ]
}
2023-02-10-14:14[http-nio-8980-exec-2] [INFO ] com.metoo.nspm.core.config.socket.NoticeEndpoint - 错误
2023-02-10-14:14[http-nio-8980-exec-2] [INFO ] com.metoo.nspm.core.config.socket.NoticeEndpoint - 737d34ef-b5ec-44fa-a5df-c53349cf114b连接断开！
2023-02-10-14:14[http-nio-8980-exec-1] [INFO ] com.metoo.nspm.core.config.socket.NoticeEndpoint - 363629c4-0071-40d4-870d-d6b9e28d9d79用户Id:1连接开启！
2023-02-10-14:14[http-nio-8980-exec-4] [INFO ] com.metoo.nspm.core.config.socket.NoticeEndpoint - 收到来自窗口 1 的信息:{
    "noticeType":"9",
    "userId":"1", 
    "params":{
    "分区":[
         {
            "uuid":"14966b01-9224-4223-a77e-49d7ea0095a7",
            "interface":["Gi0/0", "Gi0/33", "Gi0/2", "Gi0/3"]
        }
    ],
     "分区1":[
         {
            "uuid":"14966b01-9224-4223-a77e-49d7ea0095a7",
            "interface":["Gi0/0", "Gi0/33", "Gi0/2", "Gi0/3"]
        }
    ]
}
}
2023-02-10-14:22[http-nio-8980-exec-5] [INFO ] com.metoo.nspm.core.config.socket.NoticeEndpoint - 收到来自窗口 1 的信息:{
    "noticeType":"9",
    "userId":"1", 
    "params":{
    "分区":[
         {
            "uuid":"14966b01-9224-4223-a77e-49d7ea0095a7",
            "interface":["Gi0/0", "Gi0/33", "Gi0/2", "Gi0/3"]
        }
    ],
     "分区1":[
         {
            "uuid":"14966b01-9224-4223-a77e-49d7ea0095a7",
            "interface":["Gi0/0", "Gi0/33", "Gi0/2", "Gi0/3"]
        }
    ]
}
}
2023-02-10-14:23[http-nio-8980-exec-6] [INFO ] com.metoo.nspm.core.config.socket.NoticeEndpoint - 363629c4-0071-40d4-870d-d6b9e28d9d79连接断开！
2023-02-10-14:23[http-nio-8980-exec-7] [INFO ] com.metoo.nspm.core.config.socket.NoticeEndpoint - 7bfffe7d-a1ba-4839-b87c-a60b1d741e02用户Id:1连接开启！
2023-02-10-14:23[http-nio-8980-exec-7] [INFO ] com.metoo.nspm.core.config.socket.NoticeEndpoint - 收到来自窗口 1 的信息:{
    "noticeType":"9",
    "userId":"1", 
    "params":{
    "分区":[
         {
            "uuid":"14966b01-9224-4223-a77e-49d7ea0095a7",
            "interface":["Gi0/0", "Gi0/33", "Gi0/2", "Gi0/3"]
        }
    ],
     "分区1":[
         {
            "uuid":"14966b01-9224-4223-a77e-49d7ea0095a7",
            "interface":["Gi0/0", "Gi0/33", "Gi0/2", "Gi0/3"]
        }
    ]
}
}
2023-02-10-14:23[http-nio-8980-exec-8] [INFO ] com.metoo.nspm.core.config.socket.NoticeEndpoint - 7bfffe7d-a1ba-4839-b87c-a60b1d741e02连接断开！
2023-02-10-14:23[http-nio-8980-exec-9] [INFO ] com.metoo.nspm.core.config.socket.NoticeEndpoint - 7769ac52-4965-49c4-a2bf-8a6c9739efa8用户Id:1连接开启！
2023-02-10-14:23[http-nio-8980-exec-10] [INFO ] com.metoo.nspm.core.config.socket.NoticeEndpoint - 收到来自窗口 1 的信息:{
    "noticeType":"9",
    "userId":"1", 
    "params":{
    "分区":[
         {
            "uuid":"14966b01-9224-4223-a77e-49d7ea0095a7",
            "interface":["Gi0/0", "Gi0/33", "Gi0/2", "Gi0/3"]
        }
    ],
     "分区1":[
         {
            "uuid":"14966b01-9224-4223-a77e-49d7ea0095a7",
            "interface":["Gi0/0", "Gi0/33", "Gi0/2", "Gi0/3"]
        }
    ]
}
}
2023-02-10-14:24[http-nio-8980-exec-3] [INFO ] com.metoo.nspm.core.config.socket.NoticeEndpoint - 7769ac52-4965-49c4-a2bf-8a6c9739efa8连接断开！
2023-02-10-14:24[http-nio-8980-exec-2] [INFO ] com.metoo.nspm.core.config.socket.NoticeEndpoint - 43419cd2-1b83-4b4f-b4fb-49a1c5ba3f56用户Id:1连接开启！
2023-02-10-14:24[http-nio-8980-exec-1] [INFO ] com.metoo.nspm.core.config.socket.NoticeEndpoint - 收到来自窗口 1 的信息:{
    "noticeType":"9",
    "userId":"1", 
    "params":{
    "分区":[
         {
            "uuid":"14966b01-9224-4223-a77e-49d7ea0095a7",
            "interface":["Gi0/0", "Gi0/33", "Gi0/2", "Gi0/3"]
        }
    ],
     "分区1":[
         {
            "uuid":"14966b01-9224-4223-a77e-49d7ea0095a7",
            "interface":["Gi0/0", "Gi0/33", "Gi0/2", "Gi0/3"]
        }
    ]
}
}
2023-02-10-14:26[http-nio-8980-exec-4] [INFO ] com.metoo.nspm.core.config.socket.NoticeEndpoint - 43419cd2-1b83-4b4f-b4fb-49a1c5ba3f56连接断开！
2023-02-10-14:26[http-nio-8980-exec-5] [INFO ] com.metoo.nspm.core.config.socket.NoticeEndpoint - a8d4f01f-26be-4c5a-9d99-34b8f3e398c4用户Id:1连接开启！
2023-02-10-14:26[http-nio-8980-exec-6] [INFO ] com.metoo.nspm.core.config.socket.NoticeEndpoint - 收到来自窗口 1 的信息:{
    "noticeType":"9",
    "userId":"1", 
    "params":{
    "分区":[
         {
            "uuid":"14966b01-9224-4223-a77e-49d7ea0095a7",
            "interface":["Gi0/0", "Gi0/33", "Gi0/2", "Gi0/3"]
        }
    ],
     "分区1":[
         {
            "uuid":"14966b01-9224-4223-a77e-49d7ea0095a7",
            "interface":["Gi0/0", "Gi0/33", "Gi0/2", "Gi0/3"]
        }
    ]
}
}
2023-02-10-15:14[SessionValidationThread-1] [INFO ] org.apache.shiro.session.mgt.AbstractValidatingSessionManager - Validating all active sessions...
2023-02-10-15:14[SessionValidationThread-1] [INFO ] org.apache.shiro.session.mgt.AbstractValidatingSessionManager - Finished session validation.  No sessions were stopped.
2023-02-10-16:14[SessionValidationThread-1] [INFO ] org.apache.shiro.session.mgt.AbstractValidatingSessionManager - Validating all active sessions...
2023-02-10-16:14[SessionValidationThread-1] [INFO ] org.apache.shiro.session.mgt.AbstractValidatingSessionManager - Finished session validation.  No sessions were stopped.
2023-02-10-16:14[http-nio-8980-exec-7] [INFO ] com.metoo.nspm.core.config.socket.NoticeEndpoint - a8d4f01f-26be-4c5a-9d99-34b8f3e398c4连接断开！
2023-02-10-17:14[SessionValidationThread-1] [INFO ] org.apache.shiro.session.mgt.AbstractValidatingSessionManager - Validating all active sessions...
2023-02-10-17:14[SessionValidationThread-1] [INFO ] org.apache.shiro.session.mgt.AbstractValidatingSessionManager - Finished session validation.  No sessions were stopped.
2023-02-10-18:14[SessionValidationThread-1] [INFO ] org.apache.shiro.session.mgt.AbstractValidatingSessionManager - Validating all active sessions...
2023-02-10-18:14[SessionValidationThread-1] [INFO ] org.apache.shiro.session.mgt.AbstractValidatingSessionManager - Finished session validation.  No sessions were stopped.
