2023-03-01-10:56[main] [INFO ] com.metoo.nspm.Application - Starting Application using Java 1.8.0_131 on WIN-C343LASFC79 with PID 3528 (E:\java\project\nspm\ws\target\classes started by Administrator in E:\java\project\nspm\ws)
2023-03-01-10:56[main] [INFO ] com.metoo.nspm.Application - The following profiles are active: dev
2023-03-01-10:56[main] [INFO ] org.springframework.context.support.PostProcessorRegistrationDelegate$BeanPostProcessorChecker - Bean 'shiroConfig' of type [com.metoo.nspm.core.config.shiro.ShiroConfig$$EnhancerBySpringCGLIB$$8ab6efc3] is not eligible for getting processed by all BeanPostProcessors (for example: not eligible for auto-proxying)
2023-03-01-10:56[main] [INFO ] org.springframework.context.support.PostProcessorRegistrationDelegate$BeanPostProcessorChecker - Bean 'mybatis-org.mybatis.spring.boot.autoconfigure.MybatisProperties' of type [org.mybatis.spring.boot.autoconfigure.MybatisProperties] is not eligible for getting processed by all BeanPostProcessors (for example: not eligible for auto-proxying)
2023-03-01-10:56[main] [INFO ] org.springframework.context.support.PostProcessorRegistrationDelegate$BeanPostProcessorChecker - Bean 'org.mybatis.spring.boot.autoconfigure.MybatisAutoConfiguration' of type [org.mybatis.spring.boot.autoconfigure.MybatisAutoConfiguration$$EnhancerBySpringCGLIB$$aeeb9ea8] is not eligible for getting processed by all BeanPostProcessors (for example: not eligible for auto-proxying)
2023-03-01-10:56[main] [INFO ] org.springframework.context.support.PostProcessorRegistrationDelegate$BeanPostProcessorChecker - Bean 'org.springframework.boot.autoconfigure.jdbc.DataSourceConfiguration$Generic' of type [org.springframework.boot.autoconfigure.jdbc.DataSourceConfiguration$Generic] is not eligible for getting processed by all BeanPostProcessors (for example: not eligible for auto-proxying)
2023-03-01-10:56[main] [INFO ] org.springframework.context.support.PostProcessorRegistrationDelegate$BeanPostProcessorChecker - Bean 'spring.datasource-org.springframework.boot.autoconfigure.jdbc.DataSourceProperties' of type [org.springframework.boot.autoconfigure.jdbc.DataSourceProperties] is not eligible for getting processed by all BeanPostProcessors (for example: not eligible for auto-proxying)
2023-03-01-10:56[main] [INFO ] org.springframework.context.support.PostProcessorRegistrationDelegate$BeanPostProcessorChecker - Bean 'dataSource' of type [com.alibaba.druid.pool.DruidDataSource] is not eligible for getting processed by all BeanPostProcessors (for example: not eligible for auto-proxying)
2023-03-01-10:56[main] [INFO ] org.springframework.context.support.PostProcessorRegistrationDelegate$BeanPostProcessorChecker - Bean 'sqlSessionFactory' of type [org.apache.ibatis.session.defaults.DefaultSqlSessionFactory] is not eligible for getting processed by all BeanPostProcessors (for example: not eligible for auto-proxying)
2023-03-01-10:56[main] [INFO ] org.springframework.context.support.PostProcessorRegistrationDelegate$BeanPostProcessorChecker - Bean 'sqlSessionTemplate' of type [org.mybatis.spring.SqlSessionTemplate] is not eligible for getting processed by all BeanPostProcessors (for example: not eligible for auto-proxying)
2023-03-01-10:56[main] [INFO ] org.springframework.context.support.PostProcessorRegistrationDelegate$BeanPostProcessorChecker - Bean 'roleMapper' of type [org.mybatis.spring.mapper.MapperFactoryBean] is not eligible for getting processed by all BeanPostProcessors (for example: not eligible for auto-proxying)
2023-03-01-10:56[main] [INFO ] org.springframework.context.support.PostProcessorRegistrationDelegate$BeanPostProcessorChecker - Bean 'roleMapper' of type [com.sun.proxy.$Proxy76] is not eligible for getting processed by all BeanPostProcessors (for example: not eligible for auto-proxying)
2023-03-01-10:56[main] [INFO ] org.springframework.context.support.PostProcessorRegistrationDelegate$BeanPostProcessorChecker - Bean 'resMapper' of type [org.mybatis.spring.mapper.MapperFactoryBean] is not eligible for getting processed by all BeanPostProcessors (for example: not eligible for auto-proxying)
2023-03-01-10:56[main] [INFO ] org.springframework.context.support.PostProcessorRegistrationDelegate$BeanPostProcessorChecker - Bean 'resMapper' of type [com.sun.proxy.$Proxy77] is not eligible for getting processed by all BeanPostProcessors (for example: not eligible for auto-proxying)
2023-03-01-10:56[main] [INFO ] org.springframework.context.support.PostProcessorRegistrationDelegate$BeanPostProcessorChecker - Bean 'resService' of type [com.metoo.nspm.core.service.impl.ResServiceImpl] is not eligible for getting processed by all BeanPostProcessors (for example: not eligible for auto-proxying)
2023-03-01-10:56[main] [INFO ] org.springframework.context.support.PostProcessorRegistrationDelegate$BeanPostProcessorChecker - Bean 'roleResMapper' of type [org.mybatis.spring.mapper.MapperFactoryBean] is not eligible for getting processed by all BeanPostProcessors (for example: not eligible for auto-proxying)
2023-03-01-10:56[main] [INFO ] org.springframework.context.support.PostProcessorRegistrationDelegate$BeanPostProcessorChecker - Bean 'roleResMapper' of type [com.sun.proxy.$Proxy80] is not eligible for getting processed by all BeanPostProcessors (for example: not eligible for auto-proxying)
2023-03-01-10:56[main] [INFO ] org.springframework.context.support.PostProcessorRegistrationDelegate$BeanPostProcessorChecker - Bean 'roleResServiceImpl' of type [com.metoo.nspm.core.service.impl.RoleResServiceImpl] is not eligible for getting processed by all BeanPostProcessors (for example: not eligible for auto-proxying)
2023-03-01-10:56[main] [INFO ] org.springframework.context.support.PostProcessorRegistrationDelegate$BeanPostProcessorChecker - Bean 'roleServiceImpl' of type [com.metoo.nspm.core.service.impl.RoleServiceImpl] is not eligible for getting processed by all BeanPostProcessors (for example: not eligible for auto-proxying)
2023-03-01-10:56[main] [INFO ] org.springframework.context.support.PostProcessorRegistrationDelegate$BeanPostProcessorChecker - Bean 'getRealm' of type [com.metoo.nspm.core.config.shiro.MyRealm] is not eligible for getting processed by all BeanPostProcessors (for example: not eligible for auto-proxying)
2023-03-01-10:56[main] [INFO ] org.springframework.context.support.PostProcessorRegistrationDelegate$BeanPostProcessorChecker - Bean 'sessionManager' of type [org.apache.shiro.web.session.mgt.DefaultWebSessionManager] is not eligible for getting processed by all BeanPostProcessors (for example: not eligible for auto-proxying)
2023-03-01-10:56[main] [INFO ] org.springframework.context.support.PostProcessorRegistrationDelegate$BeanPostProcessorChecker - Bean 'sessionStorageEvaluator' of type [org.apache.shiro.mgt.DefaultSessionStorageEvaluator] is not eligible for getting processed by all BeanPostProcessors (for example: not eligible for auto-proxying)
2023-03-01-10:56[main] [INFO ] org.springframework.context.support.PostProcessorRegistrationDelegate$BeanPostProcessorChecker - Bean 'getDefaultWebSecurityManager' of type [org.apache.shiro.web.mgt.DefaultWebSecurityManager] is not eligible for getting processed by all BeanPostProcessors (for example: not eligible for auto-proxying)
2023-03-01-10:56[main] [INFO ] org.springframework.context.support.PostProcessorRegistrationDelegate$BeanPostProcessorChecker - Bean 'authorizationAttributeSourceAdvisor' of type [org.apache.shiro.spring.security.interceptor.AuthorizationAttributeSourceAdvisor] is not eligible for getting processed by all BeanPostProcessors (for example: not eligible for auto-proxying)
2023-03-01-10:56[main] [INFO ] org.springframework.context.support.PostProcessorRegistrationDelegate$BeanPostProcessorChecker - Bean 'org.apache.shiro.spring.boot.autoconfigure.ShiroBeanAutoConfiguration' of type [org.apache.shiro.spring.boot.autoconfigure.ShiroBeanAutoConfiguration$$EnhancerBySpringCGLIB$$8f302b28] is not eligible for getting processed by all BeanPostProcessors (for example: not eligible for auto-proxying)
2023-03-01-10:56[main] [INFO ] org.springframework.context.support.PostProcessorRegistrationDelegate$BeanPostProcessorChecker - Bean 'eventBus' of type [org.apache.shiro.event.support.DefaultEventBus] is not eligible for getting processed by all BeanPostProcessors (for example: not eligible for auto-proxying)
2023-03-01-10:56[main] [INFO ] org.springframework.boot.web.embedded.tomcat.TomcatWebServer - Tomcat initialized with port(s): 8980 (http)
2023-03-01-10:56[main] [INFO ] org.springframework.boot.web.servlet.context.ServletWebServerApplicationContext - Root WebApplicationContext: initialization completed in 2754 ms
2023-03-01-10:56[main] [INFO ] org.springframework.beans.factory.annotation.AutowiredAnnotationBeanPostProcessor - Autowired annotation is not supported on static fields: private static com.metoo.nspm.core.api.service.WUserService com.metoo.nspm.core.config.interceptor.MyInterceptor.userService
2023-03-01-10:56[main] [INFO ] org.springframework.scheduling.concurrent.ThreadPoolTaskScheduler - Initializing ExecutorService 'taskScheduler'
2023-03-01-10:56[main] [INFO ] springfox.documentation.spring.web.PropertySourcedRequestMappingHandlerMapping - Mapped URL path [/v2/api-docs] onto method [springfox.documentation.swagger2.web.Swagger2Controller#getDocumentation(String, HttpServletRequest)]
2023-03-01-10:56[main] [INFO ] org.springframework.scheduling.concurrent.ThreadPoolTaskExecutor - Initializing ExecutorService 'applicationTaskExecutor'
2023-03-01-10:56[main] [INFO ] org.springframework.boot.web.embedded.tomcat.TomcatWebServer - Tomcat started on port(s): 8980 (http) with context path '/wss'
2023-03-01-10:56[main] [INFO ] springfox.documentation.spring.web.plugins.DocumentationPluginsBootstrapper - Context refreshed
2023-03-01-10:56[main] [INFO ] springfox.documentation.spring.web.plugins.DocumentationPluginsBootstrapper - Found 2 custom documentation plugin(s)
2023-03-01-10:56[main] [INFO ] springfox.documentation.spring.web.scanners.ApiListingReferenceScanner - Scanning for api listing references
2023-03-01-10:56[main] [INFO ] springfox.documentation.spring.web.readers.operation.CachingOperationNameGenerator - Generating unique operation named: testUsingGET_1
2023-03-01-10:56[main] [INFO ] springfox.documentation.spring.web.readers.operation.CachingOperationNameGenerator - Generating unique operation named: testUsingGET_2
2023-03-01-10:56[main] [INFO ] springfox.documentation.spring.web.scanners.ApiListingReferenceScanner - Scanning for api listing references
2023-03-01-10:56[main] [INFO ] springfox.documentation.spring.web.readers.operation.CachingOperationNameGenerator - Generating unique operation named: testUsingGET_3
2023-03-01-10:56[main] [INFO ] springfox.documentation.spring.web.readers.operation.CachingOperationNameGenerator - Generating unique operation named: testUsingGET_4
2023-03-01-10:56[main] [INFO ] springfox.documentation.spring.web.readers.operation.CachingOperationNameGenerator - Generating unique operation named: getUserUsingGET_1
2023-03-01-10:56[main] [INFO ] springfox.documentation.spring.web.readers.operation.CachingOperationNameGenerator - Generating unique operation named: testUsingGET_5
2023-03-01-10:56[main] [INFO ] com.metoo.nspm.Application - Started Application in 5.149 seconds (JVM running for 7.284)
2023-03-01-11:01[http-nio-8980-exec-1] [INFO ] org.springframework.web.servlet.DispatcherServlet - Initializing Servlet 'dispatcherServlet'
2023-03-01-11:01[http-nio-8980-exec-1] [INFO ] org.springframework.web.servlet.DispatcherServlet - Completed initialization in 3 ms
2023-03-01-11:01[http-nio-8980-exec-1] [INFO ] org.apache.shiro.session.mgt.AbstractValidatingSessionManager - Enabling session validation scheduler...
2023-03-01-11:01[http-nio-8980-exec-1] [INFO ] com.metoo.nspm.core.config.socket.NoticeEndpoint - bbb23cd8-0c66-43ef-97b5-a5b68caae2ff用户Id:1连接开启！
2023-03-01-11:01[http-nio-8980-exec-2] [INFO ] com.metoo.nspm.core.config.socket.NoticeEndpoint - 收到来自窗口 1 的信息:{
  "noticeType": "4",
  "userId": "1",
  "time": "",
  "params": [
    "3546a19d-057d-4469-8d9b-a5a9bd27b0f8",
    "a683f9f9-1814-4615-907c-c351c34301f5",
    "eef0db41-44fc-4ca1-b927-578f98fcd039",
    "1edcb79d-1261-447b-90e4-8e1cb248cbbc",
    "16a6cd43-0d7b-438e-8ea4-e81695c95889",
    "da9b3c12-b14a-4f72-b97c-7a6a706b7d57"
  ]
}
2023-03-01-11:03[http-nio-8980-exec-3] [INFO ] com.metoo.nspm.core.config.socket.NoticeEndpoint - 收到来自窗口 1 的信息:{
  "noticeType": "4",
  "userId": "1",
  "time": "2023-03-01 10:10:00",
  "params": [
    "3546a19d-057d-4469-8d9b-a5a9bd27b0f8",
    "a683f9f9-1814-4615-907c-c351c34301f5",
    "eef0db41-44fc-4ca1-b927-578f98fcd039",
    "1edcb79d-1261-447b-90e4-8e1cb248cbbc",
    "16a6cd43-0d7b-438e-8ea4-e81695c95889",
    "da9b3c12-b14a-4f72-b97c-7a6a706b7d57"
  ]
}
2023-03-01-11:03[taskScheduler-6] [ERROR] org.springframework.scheduling.support.TaskUtils$LoggingErrorHandler - Unexpected error occurred in scheduled task
java.util.ConcurrentModificationException: null
	at java.util.HashMap$HashIterator.nextNode(HashMap.java:1437) ~[?:1.8.0_131]
	at java.util.HashMap$KeyIterator.next(HashMap.java:1461) ~[?:1.8.0_131]
	at com.metoo.nspm.core.config.socket.NoticeEndpoint.ExecutionTimer2(NoticeEndpoint.java:446) ~[classes/:?]
	at sun.reflect.NativeMethodAccessorImpl.invoke0(Native Method) ~[?:1.8.0_131]
	at sun.reflect.NativeMethodAccessorImpl.invoke(NativeMethodAccessorImpl.java:62) ~[?:1.8.0_131]
	at sun.reflect.DelegatingMethodAccessorImpl.invoke(DelegatingMethodAccessorImpl.java:43) ~[?:1.8.0_131]
	at java.lang.reflect.Method.invoke(Method.java:498) ~[?:1.8.0_131]
	at org.springframework.scheduling.support.ScheduledMethodRunnable.run(ScheduledMethodRunnable.java:84) ~[spring-context-5.3.4.jar:5.3.4]
	at org.springframework.scheduling.support.DelegatingErrorHandlingRunnable.run(DelegatingErrorHandlingRunnable.java:54) [spring-context-5.3.4.jar:5.3.4]
	at org.springframework.scheduling.concurrent.ReschedulingRunnable.run(ReschedulingRunnable.java:95) [spring-context-5.3.4.jar:5.3.4]
	at java.util.concurrent.Executors$RunnableAdapter.call(Executors.java:511) [?:1.8.0_131]
	at java.util.concurrent.FutureTask.run$$$capture(FutureTask.java:266) [?:1.8.0_131]
	at java.util.concurrent.FutureTask.run(FutureTask.java) [?:1.8.0_131]
	at java.util.concurrent.ScheduledThreadPoolExecutor$ScheduledFutureTask.access$201(ScheduledThreadPoolExecutor.java:180) [?:1.8.0_131]
	at java.util.concurrent.ScheduledThreadPoolExecutor$ScheduledFutureTask.run(ScheduledThreadPoolExecutor.java:293) [?:1.8.0_131]
	at java.util.concurrent.ThreadPoolExecutor.runWorker(ThreadPoolExecutor.java:1142) [?:1.8.0_131]
	at java.util.concurrent.ThreadPoolExecutor$Worker.run(ThreadPoolExecutor.java:617) [?:1.8.0_131]
	at java.lang.Thread.run(Thread.java:748) [?:1.8.0_131]
